Build started 4/2/2015 12:01:06 PM.
     1>Project "C:\Users\Totem\code\of_v0.8.4_vs_release\of_teague\MS_PPI\uiExploration5_local\emptyExample.vcxproj" on node 2 (Build target(s)).
     1>ClCompile:
         C:\Program Files (x86)\Microsoft Visual Studio 12.0\VC\bin\CL.exe /c /I..\..\..\libs\openFrameworks /I..\..\..\libs\openFrameworks\graphics /I..\..\..\libs\openFrameworks\app /I..\..\..\libs\openFrameworks\sound /I..\..\..\libs\openFrameworks\utils /I..\..\..\libs\openFrameworks\communication /I..\..\..\libs\openFrameworks\video /I..\..\..\libs\openFrameworks\types /I..\..\..\libs\openFrameworks\math /I..\..\..\libs\openFrameworks\3d /I..\..\..\libs\openFrameworks\gl /I..\..\..\libs\openFrameworks\events /I..\..\..\libs\freeglut\include /I..\..\..\libs\rtAudio\include /I..\..\..\libs\quicktime\include /I..\..\..\libs\freetype\include /I..\..\..\libs\freetype\include\freetype2 /I..\..\..\libs\freeImage\include /I..\..\..\libs\fmodex\include /I..\..\..\libs\videoInput\include /I..\..\..\libs\glew\include\ /I..\..\..\libs\glu\include /I..\..\..\libs\tess2\include /I..\..\..\libs\cairo\include\cairo /I..\..\..\libs\glfw\include /I..\..\..\libs\openssl\include /I..\..\..\libs\poco\include /I..\..\..\addons /I..\..\..\addons\ofxSpout\src\ /I..\..\..\addons\ofxOsc\libs\oscpack\src /I..\..\..\addons\ofxOsc\libs\oscpack\src\ip /I..\..\..\addons\ofxOsc\libs\oscpack\src\osc /I..\..\..\addons\ofxOsc\src /Isrc /ZI /nologo /W3 /WX- /Od /Oy- /D WIN32 /D _DEBUG /D _CONSOLE /D POCO_STATIC /D CAIRO_WIN32_STATIC_BUILD /D DISABLE_SOME_FLOATING_POINT /D _UNICODE /D UNICODE /Gm /EHsc /RTC1 /MDd /GS /fp:precise /Zc:wchar_t /Zc:forScope /Fo"obj\Debug\\" /Fd"obj\Debug\vc120.pdb" /Gd /TP /analyze- /errorReport:prompt src\main.cpp
         main.cpp
       Link:
         C:\Program Files (x86)\Microsoft Visual Studio 12.0\VC\bin\link.exe /ERRORREPORT:PROMPT /OUT:"bin\local_debug.exe" /INCREMENTAL /NOLOGO /LIBPATH:..\..\..\addons\ofxSpout\libs\lib\vs\ /LIBPATH:..\..\..\libs\freeglut\lib\vs /LIBPATH:..\..\..\libs\rtAudio\lib\vs /LIBPATH:..\..\..\libs\FreeImage\lib\vs /LIBPATH:..\..\..\libs\freetype\lib\vs /LIBPATH:..\..\..\libs\quicktime\lib\vs /LIBPATH:..\..\..\libs\fmodex\lib\vs /LIBPATH:..\..\..\libs\videoInput\lib\vs /LIBPATH:..\..\..\libs\cairo\lib\vs /LIBPATH:..\..\..\libs\glew\lib\vs /LIBPATH:..\..\..\libs\glu\lib\vs /LIBPATH:..\..\..\libs\openssl\lib\vs /LIBPATH:..\..\..\libs\Poco\lib\vs /LIBPATH:..\..\..\libs\glfw\lib\vs /LIBPATH:..\..\..\libs\tess2\lib\vs Spout32.lib "cairo-static.lib" "pixman-1.lib" msimg32.lib OpenGL32.lib GLu32.lib kernel32.lib setupapi.lib Vfw32.lib comctl32.lib freeglutD.lib glfw3D.lib rtAudioD.lib videoInputD.lib freetype252_D.lib FreeImage.lib qtmlClient.lib dsound.lib user32.lib gdi32.lib winspool.lib comdlg32.lib advapi32.lib shell32.lib ole32.lib oleaut32.lib uuid.lib glew32s.lib fmodex_vc.lib glu32.lib ssleay32MD.lib libeay32MD.lib crypt32.lib PocoFoundationmdd.lib PocoNetmdd.lib PocoUtilmdd.lib PocoXMLmdd.lib PocoJSONmdd.lib PocoZipmdd.lib Ws2_32.lib tess2.lib kernel32.lib user32.lib gdi32.lib winspool.lib comdlg32.lib advapi32.lib shell32.lib ole32.lib oleaut32.lib uuid.lib odbc32.lib odbccp32.lib /NODEFAULTLIB:PocoFoundationmdd.lib /NODEFAULTLIB:atlthunk.lib /NODEFAULTLIB:msvcrt /NODEFAULTLIB:libcmt /NODEFAULTLIB:LIBC /NODEFAULTLIB:LIBCMTD /MANIFEST /MANIFESTUAC:"level='asInvoker' uiAccess='false'" /manifest:embed /DEBUG /PDB:"bin\local_debug.pdb" /SUBSYSTEM:CONSOLE /TLBID:1 /DYNAMICBASE:NO /NXCOMPAT /IMPLIB:"bin\local_debug.lib" /MACHINE:X86 /SAFESEH obj\Debug\icon.res
         obj\Debug\IpEndpointName.obj
         obj\Debug\NetworkingUtils.obj
         obj\Debug\UdpSocket.obj
         obj\Debug\NetworkingUtilsWin.obj
         obj\Debug\UdpSocketWin.obj
         obj\Debug\OscOutboundPacketStream.obj
         obj\Debug\OscPrintReceivedElements.obj
         obj\Debug\OscReceivedElements.obj
         obj\Debug\OscTypes.obj
         obj\Debug\ofxOscBundle.obj
         obj\Debug\ofxOscMessage.obj
         obj\Debug\ofxOscParameterSync.obj
         obj\Debug\ofxOscReceiver.obj
         obj\Debug\ofxOscSender.obj
         obj\Debug\main.obj
         obj\Debug\ofApp.obj
         obj\Debug\ofxSpout.obj
         C:\Users\Totem\code\of_v0.8.4_vs_release\libs\openFrameworksCompiled\lib\vs\openframeworksLibDebug.lib
         emptyExample.vcxproj -> C:\Users\Totem\code\of_v0.8.4_vs_release\of_teague\MS_PPI\uiExploration5_local\bin\local_debug.exe
       PostBuildEvent:
         xcopy /e /i /y "C:\Users\Totem\code\of_v0.8.4_vs_release\of_teague\MS_PPI\uiExploration5_local\..\..\..\export\vs\*.dll" "C:\Users\Totem\code\of_v0.8.4_vs_release\of_teague\MS_PPI\uiExploration5_local\bin"
         :VCEnd
         C:\Users\Totem\code\of_v0.8.4_vs_release\of_teague\MS_PPI\uiExploration5_local\..\..\..\export\vs\Assimp32.dll
         C:\Users\Totem\code\of_v0.8.4_vs_release\of_teague\MS_PPI\uiExploration5_local\..\..\..\export\vs\fmodex.dll
         C:\Users\Totem\code\of_v0.8.4_vs_release\of_teague\MS_PPI\uiExploration5_local\..\..\..\export\vs\fmodexL.dll
         C:\Users\Totem\code\of_v0.8.4_vs_release\of_teague\MS_PPI\uiExploration5_local\..\..\..\export\vs\FreeImage.dll
         C:\Users\Totem\code\of_v0.8.4_vs_release\of_teague\MS_PPI\uiExploration5_local\..\..\..\export\vs\FreeType-6.dll
         C:\Users\Totem\code\of_v0.8.4_vs_release\of_teague\MS_PPI\uiExploration5_local\..\..\..\export\vs\glut32.dll
         C:\Users\Totem\code\of_v0.8.4_vs_release\of_teague\MS_PPI\uiExploration5_local\..\..\..\export\vs\libeay32.dll
         C:\Users\Totem\code\of_v0.8.4_vs_release\of_teague\MS_PPI\uiExploration5_local\..\..\..\export\vs\ssleay32.dll
         C:\Users\Totem\code\of_v0.8.4_vs_release\of_teague\MS_PPI\uiExploration5_local\..\..\..\export\vs\Zlib.dll
         9 File(s) copied
     1>Done Building Project "C:\Users\Totem\code\of_v0.8.4_vs_release\of_teague\MS_PPI\uiExploration5_local\emptyExample.vcxproj" (Build target(s)).

Build succeeded.

Time Elapsed 00:00:02.01
